{"level":"DEBUG","time":"2021-05-15T16:17:21.870+0800","caller":"golang_web_scaffold/main.go:37","msg":"logger init sucess..."}
{"level":"ERROR","time":"2021-05-15T16:17:21.903+0800","caller":"mysql/mysql.go:25","msg":"connect DB failed","error":"dial root:: unknown network root:"}
{"level":"DEBUG","time":"2021-05-15T16:18:45.968+0800","caller":"golang_web_scaffold/main.go:37","msg":"logger init sucess..."}
{"level":"ERROR","time":"2021-05-15T16:18:46.001+0800","caller":"mysql/mysql.go:25","msg":"connect DB failed","error":"dial root:: unknown network root:"}
{"level":"DEBUG","time":"2021-05-15T16:18:55.991+0800","caller":"golang_web_scaffold/main.go:37","msg":"logger init sucess..."}
{"level":"ERROR","time":"2021-05-15T16:18:56.028+0800","caller":"mysql/mysql.go:25","msg":"connect DB failed","error":"dial root:: unknown network root:"}
{"level":"DEBUG","time":"2021-05-15T16:19:02.343+0800","caller":"golang_web_scaffold/main.go:37","msg":"logger init sucess..."}
{"level":"ERROR","time":"2021-05-15T16:19:02.377+0800","caller":"mysql/mysql.go:25","msg":"connect DB failed","error":"dial root:: unknown network root:"}
{"level":"DEBUG","time":"2021-05-15T16:20:57.034+0800","caller":"golang_web_scaffold/main.go:37","msg":"logger init sucess..."}
{"level":"ERROR","time":"2021-05-15T16:20:59.121+0800","caller":"mysql/mysql.go:25","msg":"connect DB failed","error":"dial tcp 127.0.0.1:13306: connectex: No connection could be made because the target machine actively refused it."}
{"level":"DEBUG","time":"2021-05-15T16:23:16.418+0800","caller":"golang_web_scaffold/main.go:37","msg":"logger init sucess..."}
{"level":"ERROR","time":"2021-05-15T16:23:18.472+0800","caller":"mysql/mysql.go:25","msg":"connect DB failed","error":"dial tcp 127.0.0.1:13306: connectex: No connection could be made because the target machine actively refused it."}
{"level":"DEBUG","time":"2021-05-15T16:23:53.747+0800","caller":"golang_web_scaffold/main.go:37","msg":"logger init sucess..."}
{"level":"ERROR","time":"2021-05-15T16:23:55.825+0800","caller":"mysql/mysql.go:25","msg":"connect DB failed","error":"dial tcp 127.0.0.1:13306: connectex: No connection could be made because the target machine actively refused it."}
{"level":"DEBUG","time":"2021-05-15T16:25:40.859+0800","caller":"golang_web_scaffold/main.go:37","msg":"logger init sucess..."}
{"level":"ERROR","time":"2021-05-15T16:25:42.928+0800","caller":"mysql/mysql.go:25","msg":"connect DB failed","error":"dial tcp 127.0.0.1:13306: connectex: No connection could be made because the target machine actively refused it."}
{"level":"DEBUG","time":"2021-05-15T16:26:48.869+0800","caller":"golang_web_scaffold/main.go:37","msg":"logger init sucess..."}
{"level":"ERROR","time":"2021-05-15T16:26:50.923+0800","caller":"mysql/mysql.go:25","msg":"connect DB failed","error":"dial tcp 127.0.0.1:13306: connectex: No connection could be made because the target machine actively refused it."}
{"level":"DEBUG","time":"2021-05-15T16:27:47.738+0800","caller":"golang_web_scaffold/main.go:37","msg":"logger init sucess..."}
{"level":"ERROR","time":"2021-05-15T16:27:49.809+0800","caller":"mysql/mysql.go:25","msg":"connect DB failed","error":"dial tcp 127.0.0.1:13306: connectex: No connection could be made because the target machine actively refused it."}
{"level":"DEBUG","time":"2021-05-15T16:31:21.219+0800","caller":"golang_web_scaffold/main.go:37","msg":"logger init sucess..."}
{"level":"ERROR","time":"2021-05-15T16:31:23.282+0800","caller":"mysql/mysql.go:25","msg":"connect DB failed","error":"dial tcp 127.0.0.1:13306: connectex: No connection could be made because the target machine actively refused it."}
{"level":"DEBUG","time":"2021-05-15T16:31:39.123+0800","caller":"golang_web_scaffold/main.go:37","msg":"logger init sucess..."}
{"level":"ERROR","time":"2021-05-15T16:31:41.178+0800","caller":"mysql/mysql.go:25","msg":"connect DB failed","error":"dial tcp 127.0.0.1:13306: connectex: No connection could be made because the target machine actively refused it."}
{"level":"DEBUG","time":"2021-05-15T16:32:11.835+0800","caller":"golang_web_scaffold/main.go:37","msg":"logger init sucess..."}
{"level":"ERROR","time":"2021-05-15T16:32:14.225+0800","caller":"mysql/mysql.go:25","msg":"connect DB failed","error":"dial tcp [::1]:13306: connectex: No connection could be made because the target machine actively refused it."}
{"level":"DEBUG","time":"2021-05-15T16:33:25.174+0800","caller":"golang_web_scaffold/main.go:37","msg":"logger init sucess..."}
{"level":"ERROR","time":"2021-05-15T16:33:27.556+0800","caller":"mysql/mysql.go:25","msg":"connect DB failed","error":"dial tcp [::1]:13306: connectex: No connection could be made because the target machine actively refused it."}
{"level":"DEBUG","time":"2021-05-15T16:34:00.622+0800","caller":"golang_web_scaffold/main.go:37","msg":"logger init sucess..."}
{"level":"ERROR","time":"2021-05-15T16:34:02.996+0800","caller":"mysql/mysql.go:25","msg":"connect DB failed","error":"dial tcp [::1]:13306: connectex: No connection could be made because the target machine actively refused it."}
{"level":"DEBUG","time":"2021-05-15T16:39:25.532+0800","caller":"golang_web_scaffold/main.go:37","msg":"logger init sucess..."}
{"level":"DEBUG","time":"2021-05-15T16:42:00.373+0800","caller":"golang_web_scaffold/main.go:37","msg":"logger init sucess..."}
{"level":"DEBUG","time":"2021-05-15T16:42:29.003+0800","caller":"golang_web_scaffold/main.go:37","msg":"logger init sucess..."}
{"level":"INFO","time":"2021-05-15T16:43:34.636+0800","caller":"golang_web_scaffold/main.go:74","msg":"Shutdown Server ..."}
{"level":"INFO","time":"2021-05-15T16:43:34.642+0800","caller":"golang_web_scaffold/main.go:83","msg":"Server exiting"}
{"level":"DEBUG","time":"2021-05-15T20:24:07.097+0800","caller":"golang_web_scaffold/main.go:37","msg":"logger init sucess..."}
{"level":"DEBUG","time":"2021-05-15T21:01:38.885+0800","caller":"golang_web_scaffold/main.go:37","msg":"logger init sucess..."}
{"level":"ERROR","time":"2021-05-15T21:01:38.935+0800","caller":"mysql/mysql.go:18","msg":"connect DB failed","error":"dial tcp: lookup tcp/cfg.port: getaddrinfow: The specified class was not found."}
{"level":"DEBUG","time":"2021-05-15T21:03:34.064+0800","caller":"golang_web_scaffold/main.go:37","msg":"logger init sucess..."}
{"level":"ERROR","time":"2021-05-15T21:03:34.097+0800","caller":"mysql/mysql.go:18","msg":"connect DB failed","error":"dial tcp: lookup tcp/cfg.port: getaddrinfow: The specified class was not found."}
{"level":"DEBUG","time":"2021-05-15T21:06:12.354+0800","caller":"golang_web_scaffold/main.go:37","msg":"logger init sucess..."}
{"level":"ERROR","time":"2021-05-15T21:06:12.398+0800","caller":"mysql/mysql.go:18","msg":"connect DB failed","error":"dial tcp: lookup tcp/cfg.port: getaddrinfow: The specified class was not found."}
{"level":"DEBUG","time":"2021-05-15T21:11:07.286+0800","caller":"golang_web_scaffold/main.go:37","msg":"logger init sucess..."}
{"level":"ERROR","time":"2021-05-15T21:11:07.330+0800","caller":"mysql/mysql.go:18","msg":"connect DB failed","error":"dial tcp: lookup tcp/cfg.Port: getaddrinfow: The specified class was not found."}
{"level":"DEBUG","time":"2021-05-15T21:12:58.877+0800","caller":"golang_web_scaffold/main.go:37","msg":"logger init sucess..."}
{"level":"ERROR","time":"2021-05-15T21:12:58.921+0800","caller":"mysql/mysql.go:17","msg":"connect DB failed","error":"dial tcp: lookup tcp/cfg.Port: getaddrinfow: The specified class was not found."}
{"level":"DEBUG","time":"2021-05-15T21:27:57.679+0800","caller":"golang_web_scaffold/main.go:37","msg":"logger init sucess..."}
{"level":"DEBUG","time":"2021-05-15T21:28:47.032+0800","caller":"golang_web_scaffold/main.go:37","msg":"logger init sucess..."}
{"level":"INFO","time":"2021-05-15T21:28:49.502+0800","caller":"golang_web_scaffold/main.go:74","msg":"Shutdown Server ..."}
{"level":"INFO","time":"2021-05-15T21:28:49.506+0800","caller":"golang_web_scaffold/main.go:83","msg":"Server exiting"}
